{"C:\\Users\\mehdibn\\Documents\\notes\\AI\\weather-server-typescript\\weather-server-typescript\\src\\index.ts": {"path":"C:\\Users\\mehdibn\\Documents\\notes\\AI\\weather-server-typescript\\weather-server-typescript\\src\\index.ts","statementMap":{"0":{"start":{"line":5,"column":21},"end":{"line":5,"column":46}},"1":{"start":{"line":6,"column":19},"end":{"line":6,"column":36}},"2":{"start":{"line":10,"column":18},"end":{"line":13,"column":4}},"3":{"start":{"line":15,"column":2},"end":{"line":24,"column":3}},"4":{"start":{"line":16,"column":21},"end":{"line":16,"column":50}},"5":{"start":{"line":17,"column":4},"end":{"line":19,"column":5}},"6":{"start":{"line":18,"column":6},"end":{"line":18,"column":64}},"7":{"start":{"line":20,"column":4},"end":{"line":20,"column":40}},"8":{"start":{"line":22,"column":4},"end":{"line":22,"column":54}},"9":{"start":{"line":23,"column":4},"end":{"line":23,"column":16}},"10":{"start":{"line":39,"column":16},"end":{"line":39,"column":34}},"11":{"start":{"line":40,"column":2},"end":{"line":47,"column":15}},"12":{"start":{"line":76,"column":15},"end":{"line":79,"column":2}},"13":{"start":{"line":82,"column":0},"end":{"line":128,"column":2}},"14":{"start":{"line":89,"column":22},"end":{"line":89,"column":41}},"15":{"start":{"line":90,"column":22},"end":{"line":90,"column":64}},"16":{"start":{"line":91,"column":23},"end":{"line":91,"column":70}},"17":{"start":{"line":93,"column":4},"end":{"line":102,"column":5}},"18":{"start":{"line":94,"column":6},"end":{"line":101,"column":8}},"19":{"start":{"line":104,"column":21},"end":{"line":104,"column":46}},"20":{"start":{"line":105,"column":4},"end":{"line":114,"column":5}},"21":{"start":{"line":106,"column":6},"end":{"line":113,"column":8}},"22":{"start":{"line":116,"column":28},"end":{"line":116,"column":53}},"23":{"start":{"line":117,"column":23},"end":{"line":117,"column":89}},"24":{"start":{"line":119,"column":4},"end":{"line":126,"column":6}},"25":{"start":{"line":130,"column":0},"end":{"line":216,"column":2}},"26":{"start":{"line":143,"column":22},"end":{"line":143,"column":93}},"27":{"start":{"line":144,"column":23},"end":{"line":144,"column":70}},"28":{"start":{"line":146,"column":4},"end":{"line":155,"column":5}},"29":{"start":{"line":147,"column":6},"end":{"line":154,"column":8}},"30":{"start":{"line":157,"column":24},"end":{"line":157,"column":55}},"31":{"start":{"line":158,"column":4},"end":{"line":167,"column":5}},"32":{"start":{"line":159,"column":6},"end":{"line":166,"column":8}},"33":{"start":{"line":170,"column":25},"end":{"line":170,"column":76}},"34":{"start":{"line":171,"column":4},"end":{"line":180,"column":5}},"35":{"start":{"line":172,"column":6},"end":{"line":179,"column":8}},"36":{"start":{"line":182,"column":20},"end":{"line":182,"column":58}},"37":{"start":{"line":183,"column":4},"end":{"line":192,"column":5}},"38":{"start":{"line":184,"column":6},"end":{"line":191,"column":8}},"39":{"start":{"line":195,"column":30},"end":{"line":202,"column":null}},"40":{"start":{"line":196,"column":6},"end":{"line":202,"column":18}},"41":{"start":{"line":205,"column":25},"end":{"line":205,"column":101}},"42":{"start":{"line":207,"column":4},"end":{"line":214,"column":6}},"43":{"start":{"line":220,"column":20},"end":{"line":220,"column":46}},"44":{"start":{"line":221,"column":2},"end":{"line":221,"column":34}},"45":{"start":{"line":222,"column":2},"end":{"line":222,"column":55}},"46":{"start":{"line":225,"column":0},"end":{"line":228,"column":3}},"47":{"start":{"line":226,"column":2},"end":{"line":226,"column":49}},"48":{"start":{"line":227,"column":2},"end":{"line":227,"column":18}},"49":{"start":{"line":232,"column":24},"end":{"line":236,"column":2}}},"fnMap":{"0":{"name":"makeNWSRequest","decl":{"start":{"line":9,"column":15},"end":{"line":9,"column":29}},"loc":{"start":{"line":9,"column":44},"end":{"line":25,"column":1}}},"1":{"name":"formatAlert","decl":{"start":{"line":38,"column":9},"end":{"line":38,"column":20}},"loc":{"start":{"line":38,"column":42},"end":{"line":48,"column":1}}},"2":{"name":"(anonymous_2)","decl":{"start":{"line":88,"column":2},"end":{"line":88,"column":7}},"loc":{"start":{"line":88,"column":22},"end":{"line":127,"column":3}}},"3":{"name":"(anonymous_3)","decl":{"start":{"line":141,"column":2},"end":{"line":141,"column":7}},"loc":{"start":{"line":141,"column":36},"end":{"line":215,"column":3}}},"4":{"name":"(anonymous_4)","decl":{"start":{"line":195,"column":42},"end":{"line":195,"column":43}},"loc":{"start":{"line":196,"column":6},"end":{"line":202,"column":18}}},"5":{"name":"main","decl":{"start":{"line":219,"column":15},"end":{"line":219,"column":19}},"loc":{"start":{"line":219,"column":19},"end":{"line":223,"column":1}}},"6":{"name":"(anonymous_6)","decl":{"start":{"line":225,"column":13},"end":{"line":225,"column":14}},"loc":{"start":{"line":225,"column":23},"end":{"line":228,"column":1}}}},"branchMap":{"0":{"loc":{"start":{"line":17,"column":4},"end":{"line":19,"column":5}},"type":"if","locations":[{"start":{"line":17,"column":4},"end":{"line":19,"column":5}}]},"1":{"loc":{"start":{"line":41,"column":14},"end":{"line":41,"column":38}},"type":"binary-expr","locations":[{"start":{"line":41,"column":14},"end":{"line":41,"column":25}},{"start":{"line":41,"column":29},"end":{"line":41,"column":38}}]},"2":{"loc":{"start":{"line":42,"column":13},"end":{"line":42,"column":40}},"type":"binary-expr","locations":[{"start":{"line":42,"column":13},"end":{"line":42,"column":27}},{"start":{"line":42,"column":31},"end":{"line":42,"column":40}}]},"3":{"loc":{"start":{"line":43,"column":17},"end":{"line":43,"column":44}},"type":"binary-expr","locations":[{"start":{"line":43,"column":17},"end":{"line":43,"column":31}},{"start":{"line":43,"column":35},"end":{"line":43,"column":44}}]},"4":{"loc":{"start":{"line":44,"column":15},"end":{"line":44,"column":40}},"type":"binary-expr","locations":[{"start":{"line":44,"column":15},"end":{"line":44,"column":27}},{"start":{"line":44,"column":31},"end":{"line":44,"column":40}}]},"5":{"loc":{"start":{"line":45,"column":17},"end":{"line":45,"column":48}},"type":"binary-expr","locations":[{"start":{"line":45,"column":17},"end":{"line":45,"column":31}},{"start":{"line":45,"column":35},"end":{"line":45,"column":48}}]},"6":{"loc":{"start":{"line":93,"column":4},"end":{"line":102,"column":5}},"type":"if","locations":[{"start":{"line":93,"column":4},"end":{"line":102,"column":5}}]},"7":{"loc":{"start":{"line":104,"column":21},"end":{"line":104,"column":46}},"type":"binary-expr","locations":[{"start":{"line":104,"column":21},"end":{"line":104,"column":40}},{"start":{"line":104,"column":44},"end":{"line":104,"column":46}}]},"8":{"loc":{"start":{"line":105,"column":4},"end":{"line":114,"column":5}},"type":"if","locations":[{"start":{"line":105,"column":4},"end":{"line":114,"column":5}}]},"9":{"loc":{"start":{"line":146,"column":4},"end":{"line":155,"column":5}},"type":"if","locations":[{"start":{"line":146,"column":4},"end":{"line":155,"column":5}}]},"10":{"loc":{"start":{"line":158,"column":4},"end":{"line":167,"column":5}},"type":"if","locations":[{"start":{"line":158,"column":4},"end":{"line":167,"column":5}}]},"11":{"loc":{"start":{"line":171,"column":4},"end":{"line":180,"column":5}},"type":"if","locations":[{"start":{"line":171,"column":4},"end":{"line":180,"column":5}}]},"12":{"loc":{"start":{"line":182,"column":20},"end":{"line":182,"column":58}},"type":"binary-expr","locations":[{"start":{"line":182,"column":20},"end":{"line":182,"column":52}},{"start":{"line":182,"column":56},"end":{"line":182,"column":58}}]},"13":{"loc":{"start":{"line":183,"column":4},"end":{"line":192,"column":5}},"type":"if","locations":[{"start":{"line":183,"column":4},"end":{"line":192,"column":5}}]},"14":{"loc":{"start":{"line":197,"column":11},"end":{"line":197,"column":35}},"type":"binary-expr","locations":[{"start":{"line":197,"column":11},"end":{"line":197,"column":22}},{"start":{"line":197,"column":26},"end":{"line":197,"column":35}}]},"15":{"loc":{"start":{"line":198,"column":24},"end":{"line":198,"column":55}},"type":"binary-expr","locations":[{"start":{"line":198,"column":24},"end":{"line":198,"column":42}},{"start":{"line":198,"column":46},"end":{"line":198,"column":55}}]},"16":{"loc":{"start":{"line":198,"column":59},"end":{"line":198,"column":88}},"type":"binary-expr","locations":[{"start":{"line":198,"column":59},"end":{"line":198,"column":81}},{"start":{"line":198,"column":85},"end":{"line":198,"column":88}}]},"17":{"loc":{"start":{"line":199,"column":17},"end":{"line":199,"column":46}},"type":"binary-expr","locations":[{"start":{"line":199,"column":17},"end":{"line":199,"column":33}},{"start":{"line":199,"column":37},"end":{"line":199,"column":46}}]},"18":{"loc":{"start":{"line":199,"column":50},"end":{"line":199,"column":76}},"type":"binary-expr","locations":[{"start":{"line":199,"column":50},"end":{"line":199,"column":70}},{"start":{"line":199,"column":74},"end":{"line":199,"column":76}}]},"19":{"loc":{"start":{"line":200,"column":11},"end":{"line":200,"column":58}},"type":"binary-expr","locations":[{"start":{"line":200,"column":11},"end":{"line":200,"column":31}},{"start":{"line":200,"column":35},"end":{"line":200,"column":58}}]}},"s":{"0":1,"1":1,"2":3,"3":3,"4":3,"5":3,"6":0,"7":3,"8":0,"9":0,"10":0,"11":0,"12":1,"13":1,"14":0,"15":0,"16":0,"17":0,"18":0,"19":0,"20":0,"21":0,"22":0,"23":0,"24":0,"25":1,"26":0,"27":0,"28":0,"29":0,"30":0,"31":0,"32":0,"33":0,"34":0,"35":0,"36":0,"37":0,"38":0,"39":0,"40":0,"41":0,"42":0,"43":1,"44":1,"45":1,"46":1,"47":0,"48":0,"49":1},"f":{"0":3,"1":0,"2":0,"3":0,"4":0,"5":1,"6":0},"b":{"0":[0],"1":[0,0],"2":[0,0],"3":[0,0],"4":[0,0],"5":[0,0],"6":[0],"7":[0,0],"8":[0],"9":[0],"10":[0],"11":[0],"12":[0,0],"13":[0],"14":[0,0],"15":[0,0],"16":[0,0],"17":[0,0],"18":[0,0],"19":[0,0]}}
}
