TN:
SF:src\index.ts
FN:9,makeNWSRequest
FN:38,formatAlert
FN:88,(anonymous_2)
FN:141,(anonymous_3)
FN:195,(anonymous_4)
FN:219,main
FN:225,(anonymous_6)
FNF:7
FNH:2
FNDA:3,makeNWSRequest
FNDA:0,formatAlert
FNDA:0,(anonymous_2)
FNDA:0,(anonymous_3)
FNDA:0,(anonymous_4)
FNDA:1,main
FNDA:0,(anonymous_6)
DA:5,1
DA:6,1
DA:10,3
DA:15,3
DA:16,3
DA:17,3
DA:18,0
DA:20,3
DA:22,0
DA:23,0
DA:39,0
DA:40,0
DA:76,1
DA:82,1
DA:89,0
DA:90,0
DA:91,0
DA:93,0
DA:94,0
DA:104,0
DA:105,0
DA:106,0
DA:116,0
DA:117,0
DA:119,0
DA:130,1
DA:143,0
DA:144,0
DA:146,0
DA:147,0
DA:157,0
DA:158,0
DA:159,0
DA:170,0
DA:171,0
DA:172,0
DA:182,0
DA:183,0
DA:184,0
DA:195,0
DA:196,0
DA:205,0
DA:207,0
DA:220,1
DA:221,1
DA:222,1
DA:225,1
DA:226,0
DA:227,0
DA:232,1
LF:50
LH:15
BRDA:17,0,0,0
BRDA:41,1,0,0
BRDA:41,1,1,0
BRDA:42,2,0,0
BRDA:42,2,1,0
BRDA:43,3,0,0
BRDA:43,3,1,0
BRDA:44,4,0,0
BRDA:44,4,1,0
BRDA:45,5,0,0
BRDA:45,5,1,0
BRDA:93,6,0,0
BRDA:104,7,0,0
BRDA:104,7,1,0
BRDA:105,8,0,0
BRDA:146,9,0,0
BRDA:158,10,0,0
BRDA:171,11,0,0
BRDA:182,12,0,0
BRDA:182,12,1,0
BRDA:183,13,0,0
BRDA:197,14,0,0
BRDA:197,14,1,0
BRDA:198,15,0,0
BRDA:198,15,1,0
BRDA:198,16,0,0
BRDA:198,16,1,0
BRDA:199,17,0,0
BRDA:199,17,1,0
BRDA:199,18,0,0
BRDA:199,18,1,0
BRDA:200,19,0,0
BRDA:200,19,1,0
BRF:33
BRH:0
end_of_record
